2025-08-10 12:29:22.919  INFO 29540 --- [background-preinit]
            o.h.v.i.u.Version                        : HV000001: Hibernate Validator 8.0.2.Final
2025-08-10 12:29:22.957  INFO 29540 --- [main]
            c.o.c.m.Media                            : Starting Media using Java 17.0.10 with PID 29540 (D:\gitcode\springcloud2024\backend\springcloud2024\cloud-Media-Asset-Processing\target\classes started by overh in D:\gitcode\springcloud2024)
2025-08-10 12:29:22.961  INFO 29540 --- [main]
            c.o.c.m.Media                            : No active profile set, falling back to 1 default profile: "default"
2025-08-10 12:29:24.260  INFO 29540 --- [main]
            o.a.c.h.Http11NioProtocol                : Initializing ProtocolHandler ["http-nio-8010"]
2025-08-10 12:29:24.261  INFO 29540 --- [main]
            o.a.c.c.StandardService                  : Starting service [Tomcat]
2025-08-10 12:29:24.261  INFO 29540 --- [main]
            o.a.c.c.StandardEngine                   : Starting Servlet engine: [Apache Tomcat/10.1.36]
2025-08-10 12:29:24.310  INFO 29540 --- [main]
            o.a.c.c.C.[.[.[/]                        : Initializing Spring embedded WebApplicationContext
2025-08-10 12:29:33.339  INFO 29540 --- [main]
            o.a.c.h.Http11NioProtocol                : Starting ProtocolHandler ["http-nio-8010"]
2025-08-10 12:29:33.757  INFO 29540 --- [main]
            c.o.c.m.Media                            : Started Media in 11.445 seconds (process running for 12.119)
2025-08-10 12:29:33.762  INFO 29540 --- [main]
            c.o.c.m.c.MinioInitializationService     : 检查MinIO存储桶'cloud'是否存在...
2025-08-10 12:29:33.820 ERROR 29540 --- [main]
            c.o.c.m.c.MinioInitializationService     : 检查或创建MinIO存储桶'cloud'失败。请检查您的MinIO服务器连接和配置。

java.net.ConnectException: Failed to connect to localhost/[0:0:0:0:0:0:0:1]:9000
	at okhttp3.internal.connection.RealConnection.connectSocket(RealConnection.kt:297) ~[okhttp-4.10.0-RC1.jar:?]
	at okhttp3.internal.connection.RealConnection.connect(RealConnection.kt:207) ~[okhttp-4.10.0-RC1.jar:?]
	at okhttp3.internal.connection.ExchangeFinder.findConnection(ExchangeFinder.kt:226) ~[okhttp-4.10.0-RC1.jar:?]
	at okhttp3.internal.connection.ExchangeFinder.findHealthyConnection(ExchangeFinder.kt:106) ~[okhttp-4.10.0-RC1.jar:?]
	at okhttp3.internal.connection.ExchangeFinder.find(ExchangeFinder.kt:74) ~[okhttp-4.10.0-RC1.jar:?]
	at okhttp3.internal.connection.RealCall.initExchange$okhttp(RealCall.kt:255) ~[okhttp-4.10.0-RC1.jar:?]
	at okhttp3.internal.connection.ConnectInterceptor.intercept(ConnectInterceptor.kt:32) ~[okhttp-4.10.0-RC1.jar:?]
	at okhttp3.internal.http.RealInterceptorChain.proceed(RealInterceptorChain.kt:109) ~[okhttp-4.10.0-RC1.jar:?]
	at okhttp3.internal.cache.CacheInterceptor.intercept(CacheInterceptor.kt:95) ~[okhttp-4.10.0-RC1.jar:?]
	at okhttp3.internal.http.RealInterceptorChain.proceed(RealInterceptorChain.kt:109) ~[okhttp-4.10.0-RC1.jar:?]
	at okhttp3.internal.http.BridgeInterceptor.intercept(BridgeInterceptor.kt:83) ~[okhttp-4.10.0-RC1.jar:?]
	at okhttp3.internal.http.RealInterceptorChain.proceed(RealInterceptorChain.kt:109) ~[okhttp-4.10.0-RC1.jar:?]
	at okhttp3.internal.http.RetryAndFollowUpInterceptor.intercept(RetryAndFollowUpInterceptor.kt:76) ~[okhttp-4.10.0-RC1.jar:?]
	at okhttp3.internal.http.RealInterceptorChain.proceed(RealInterceptorChain.kt:109) ~[okhttp-4.10.0-RC1.jar:?]
	at okhttp3.internal.connection.RealCall.getResponseWithInterceptorChain$okhttp(RealCall.kt:201) ~[okhttp-4.10.0-RC1.jar:?]
	at okhttp3.internal.connection.RealCall$AsyncCall.run(RealCall.kt:517) ~[okhttp-4.10.0-RC1.jar:?]
	at java.base/java.util.concurrent.ThreadPoolExecutor.runWorker(ThreadPoolExecutor.java:1136) ~[?:?]
	at java.base/java.util.concurrent.ThreadPoolExecutor$Worker.run(ThreadPoolExecutor.java:635) ~[?:?]
	at java.base/java.lang.Thread.run(Thread.java:840) ~[?:?]
	Suppressed: java.net.ConnectException: Failed to connect to localhost/127.0.0.1:9000
		at okhttp3.internal.connection.RealConnection.connectSocket(RealConnection.kt:297) ~[okhttp-4.10.0-RC1.jar:?]
		at okhttp3.internal.connection.RealConnection.connect(RealConnection.kt:207) ~[okhttp-4.10.0-RC1.jar:?]
		at okhttp3.internal.connection.ExchangeFinder.findConnection(ExchangeFinder.kt:226) ~[okhttp-4.10.0-RC1.jar:?]
		at okhttp3.internal.connection.ExchangeFinder.findHealthyConnection(ExchangeFinder.kt:106) ~[okhttp-4.10.0-RC1.jar:?]
		at okhttp3.internal.connection.ExchangeFinder.find(ExchangeFinder.kt:74) ~[okhttp-4.10.0-RC1.jar:?]
		at okhttp3.internal.connection.RealCall.initExchange$okhttp(RealCall.kt:255) ~[okhttp-4.10.0-RC1.jar:?]
		at okhttp3.internal.connection.ConnectInterceptor.intercept(ConnectInterceptor.kt:32) ~[okhttp-4.10.0-RC1.jar:?]
		at okhttp3.internal.http.RealInterceptorChain.proceed(RealInterceptorChain.kt:109) ~[okhttp-4.10.0-RC1.jar:?]
		at okhttp3.internal.cache.CacheInterceptor.intercept(CacheInterceptor.kt:95) ~[okhttp-4.10.0-RC1.jar:?]
		at okhttp3.internal.http.RealInterceptorChain.proceed(RealInterceptorChain.kt:109) ~[okhttp-4.10.0-RC1.jar:?]
		at okhttp3.internal.http.BridgeInterceptor.intercept(BridgeInterceptor.kt:83) ~[okhttp-4.10.0-RC1.jar:?]
		at okhttp3.internal.http.RealInterceptorChain.proceed(RealInterceptorChain.kt:109) ~[okhttp-4.10.0-RC1.jar:?]
		at okhttp3.internal.http.RetryAndFollowUpInterceptor.intercept(RetryAndFollowUpInterceptor.kt:76) ~[okhttp-4.10.0-RC1.jar:?]
		at okhttp3.internal.http.RealInterceptorChain.proceed(RealInterceptorChain.kt:109) ~[okhttp-4.10.0-RC1.jar:?]
		at okhttp3.internal.connection.RealCall.getResponseWithInterceptorChain$okhttp(RealCall.kt:201) ~[okhttp-4.10.0-RC1.jar:?]
		at okhttp3.internal.connection.RealCall$AsyncCall.run(RealCall.kt:517) ~[okhttp-4.10.0-RC1.jar:?]
		at java.base/java.util.concurrent.ThreadPoolExecutor.runWorker(ThreadPoolExecutor.java:1136) ~[?:?]
		at java.base/java.util.concurrent.ThreadPoolExecutor$Worker.run(ThreadPoolExecutor.java:635) ~[?:?]
		at java.base/java.lang.Thread.run(Thread.java:840) ~[?:?]
	Caused by: java.net.ConnectException: Connection refused: no further information
		at java.base/sun.nio.ch.Net.pollConnect(Native Method) ~[?:?]
		at java.base/sun.nio.ch.Net.pollConnectNow(Net.java:672) ~[?:?]
		at java.base/sun.nio.ch.NioSocketImpl.timedFinishConnect(NioSocketImpl.java:547) ~[?:?]
		at java.base/sun.nio.ch.NioSocketImpl.connect(NioSocketImpl.java:602) ~[?:?]
		at java.base/java.net.SocksSocketImpl.connect(SocksSocketImpl.java:327) ~[?:?]
		at java.base/java.net.Socket.connect(Socket.java:633) ~[?:?]
		at okhttp3.internal.platform.Platform.connectSocket(Platform.kt:120) ~[okhttp-4.10.0-RC1.jar:?]
		at okhttp3.internal.connection.RealConnection.connectSocket(RealConnection.kt:295) ~[okhttp-4.10.0-RC1.jar:?]
		... 18 more
Caused by: java.net.ConnectException: Connection refused: no further information
	at java.base/sun.nio.ch.Net.pollConnect(Native Method) ~[?:?]
	at java.base/sun.nio.ch.Net.pollConnectNow(Net.java:672) ~[?:?]
	at java.base/sun.nio.ch.NioSocketImpl.timedFinishConnect(NioSocketImpl.java:547) ~[?:?]
	at java.base/sun.nio.ch.NioSocketImpl.connect(NioSocketImpl.java:602) ~[?:?]
	at java.base/java.net.SocksSocketImpl.connect(SocksSocketImpl.java:327) ~[?:?]
	at java.base/java.net.Socket.connect(Socket.java:633) ~[?:?]
	at okhttp3.internal.platform.Platform.connectSocket(Platform.kt:120) ~[okhttp-4.10.0-RC1.jar:?]
	at okhttp3.internal.connection.RealConnection.connectSocket(RealConnection.kt:295) ~[okhttp-4.10.0-RC1.jar:?]
	... 18 more

2025-08-10 12:31:25.325  INFO 16040 --- [background-preinit]
            o.h.v.i.u.Version                        : HV000001: Hibernate Validator 8.0.2.Final
2025-08-10 12:31:25.348  INFO 16040 --- [main]
            c.o.c.m.Media                            : Starting Media using Java 17.0.10 with PID 16040 (D:\gitcode\springcloud2024\backend\springcloud2024\cloud-Media-Asset-Processing\target\classes started by overh in D:\gitcode\springcloud2024)
2025-08-10 12:31:25.351  INFO 16040 --- [main]
            c.o.c.m.Media                            : No active profile set, falling back to 1 default profile: "default"
2025-08-10 12:31:26.323  INFO 16040 --- [main]
            o.a.c.h.Http11NioProtocol                : Initializing ProtocolHandler ["http-nio-8010"]
2025-08-10 12:31:26.323  INFO 16040 --- [main]
            o.a.c.c.StandardService                  : Starting service [Tomcat]
2025-08-10 12:31:26.323  INFO 16040 --- [main]
            o.a.c.c.StandardEngine                   : Starting Servlet engine: [Apache Tomcat/10.1.36]
2025-08-10 12:31:26.367  INFO 16040 --- [main]
            o.a.c.c.C.[.[.[/]                        : Initializing Spring embedded WebApplicationContext
2025-08-10 12:31:27.822  INFO 16040 --- [main]
            o.a.c.h.Http11NioProtocol                : Starting ProtocolHandler ["http-nio-8010"]
2025-08-10 12:31:28.237  INFO 16040 --- [main]
            c.o.c.m.Media                            : Started Media in 3.427 seconds (process running for 4.057)
2025-08-10 12:31:28.242  INFO 16040 --- [main]
            c.o.c.m.c.MinioInitializationService     : 检查MinIO存储桶'cloud'是否存在...
2025-08-10 12:31:28.324  WARN 16040 --- [main]
            c.o.c.m.c.MinioInitializationService     : 未找到MinIO存储桶'cloud'。正在尝试创建...
2025-08-10 12:31:28.331  INFO 16040 --- [main]
            c.o.c.m.c.MinioInitializationService     : 成功创建MinIO存储桶'cloud'。
2025-08-10 12:31:28.871  INFO 16040 --- [RMI TCP Connection(5)-198.18.0.1]
            o.a.c.c.C.[.[.[/]                        : Initializing Spring DispatcherServlet 'dispatcherServlet'
2025-08-10 12:31:28.873  INFO 16040 --- [RMI TCP Connection(3)-198.18.0.1]
            c.z.h.HikariDataSource                   : HikariPool-1 - Starting...
